<?xml version="1.0" encoding="UTF-8"?>
<testng-results skipped="0" failed="0" ignored="0" total="1" passed="1">
  <reporter-output>
  </reporter-output>
  <suite name="Default Suite" duration-ms="3802" started-at="2022-02-03T02:31:53Z" finished-at="2022-02-03T02:31:57Z">
    <groups>
    </groups>
    <test name="devx-testng-automation-framework" duration-ms="3802" started-at="2022-02-03T02:31:53Z" finished-at="2022-02-03T02:31:57Z">
      <class name="com.automation.tests.LoginTest">
        <test-method status="PASS" signature="setUp()[pri:0, instance:com.automation.tests.LoginTest@6debcae2]" name="setUp" is-config="true" duration-ms="3226" started-at="2022-02-03T02:31:53Z" finished-at="2022-02-03T02:31:56Z">
          <reporter-output>
          </reporter-output>
        </test-method> <!-- setUp -->
        <test-method status="PASS" signature="verifyUserCanLogin()[pri:0, instance:com.automation.tests.LoginTest@6debcae2]" name="verifyUserCanLogin" duration-ms="421" started-at="2022-02-03T02:31:56Z" finished-at="2022-02-03T02:31:57Z">
          <reporter-output>
          </reporter-output>
        </test-method> <!-- verifyUserCanLogin -->
        <test-method status="PASS" signature="cleanUp()[pri:0, instance:com.automation.tests.LoginTest@6debcae2]" name="cleanUp" is-config="true" duration-ms="128" started-at="2022-02-03T02:31:57Z" finished-at="2022-02-03T02:31:57Z">
          <reporter-output>
          </reporter-output>
        </test-method> <!-- cleanUp -->
      </class> <!-- com.automation.tests.LoginTest -->
    </test> <!-- devx-testng-automation-framework -->
  </suite> <!-- Default Suite -->
</testng-results>
