<?xml version="1.0" encoding="UTF-8"?>
<!-- Generated by org.testng.reporters.JUnitXMLReporter -->
<testsuite hostname="Oleksandrs-MacBook-Pro.local" ignored="1" name="Login Test" tests="1" failures="0" timestamp="10 Jan 2022 23:43:58 GMT" time="0.024" errors="0">
  <testcase name="secondTest" time="0.0" classname="com.automation.tests.TestNGTest"/>
  <testcase name="firstTest" time="0.0" classname="com.automation.tests.TestNGTest">
    <ignored/>
  </testcase> <!-- firstTest -->
</testsuite> <!-- Login Test -->
